#
# A fatal error has been detected by the Java Runtime Environment:
#
#  Internal Error (javaClasses.cpp:126), pid=9052, tid=2936
#  fatal error: Invalid layout of preloaded class
#
# JRE version:  (8.0_31-b13) (build )
# Java VM: Java HotSpot(TM) Client VM (25.31-b07 mixed mode windows-x86 )
# Failed to write core dump. Minidumps are not enabled by default on client versions of Windows
#
# If you would like to submit a bug report, please visit:
#   http://bugreport.java.com/bugreport/crash.jsp
#

---------------  T H R E A D  ---------------

Current thread (0x00a2c000):  JavaThread "Unknown thread" [_thread_in_vm, id=2936, stack(0x00a30000,0x00a80000)]

Stack: [0x00a30000,0x00a80000],  sp=0x00a7f5b0,  free space=317k
Native frames: (J=compiled Java code, j=interpreted, Vv=VM code, C=native code)
V  [jvm.dll+0x197b8b]
V  [jvm.dll+0x1909e6]
V  [jvm.dll+0x3b409]
V  [jvm.dll+0x3b5be]
V  [jvm.dll+0x49f63]
V  [jvm.dll+0x9dd9e]
V  [jvm.dll+0x9e062]
V  [jvm.dll+0x145c31]
V  [jvm.dll+0x169cb8]
V  [jvm.dll+0xdb171]
C  [javaw.exe+0x13e4]
C  [javaw.exe+0x1eb7]
C  [javaw.exe+0xaba1]
C  [javaw.exe+0xac2b]
C  [KERNEL32.DLL+0x4198]
C  [ntdll.dll+0x532b1]
C  [ntdll.dll+0x5327f]
C  0x00000000


---------------  P R O C E S S  ---------------

Java Threads: ( => current thread )

Other Threads:

=>0x00a2c000 (exited) JavaThread "Unknown thread" [_thread_in_vm, id=2936, stack(0x00a30000,0x00a80000)]

VM state:not at safepoint (not fully initialized)

VM Mutex/Monitor currently owned by a thread: None

GC Heap History (0 events):
No events

Deoptimization events (0 events):
No events

Internal exceptions (0 events):
No events

Events (10 events):
Event: 0.022 loading class java/lang/CharSequence done
Event: 0.022 loading class java/lang/String done
Event: 0.022 loading class java/lang/Class
Event: 0.023 loading class java/lang/reflect/AnnotatedElement
Event: 0.023 loading class java/lang/reflect/AnnotatedElement done
Event: 0.023 loading class java/lang/reflect/GenericDeclaration
Event: 0.023 loading class java/lang/reflect/GenericDeclaration done
Event: 0.023 loading class java/lang/reflect/Type
Event: 0.023 loading class java/lang/reflect/Type done
Event: 0.023 loading class java/lang/Class done


Dynamic libraries:
0x00bc0000 - 0x00bf0000 	C:\Program Files\Java\jre1.8.0_31\bin\javaw.exe
0x77d40000 - 0x77ea9000 	C:\WINDOWS\SYSTEM32\ntdll.dll
0x75f90000 - 0x76090000 	C:\WINDOWS\system32\KERNEL32.DLL
0x756b0000 - 0x75789000 	C:\WINDOWS\system32\KERNELBASE.dll
0x744c0000 - 0x74560000 	C:\WINDOWS\system32\apphelp.dll
0x558b0000 - 0x55b15000 	C:\WINDOWS\AppPatch\AcGenral.DLL
0x75c30000 - 0x75cf3000 	C:\WINDOWS\system32\msvcrt.dll
0x77a00000 - 0x77a41000 	C:\WINDOWS\SYSTEM32\sechost.dll
0x75430000 - 0x75454000 	C:\WINDOWS\SYSTEM32\SspiCli.dll
0x760c0000 - 0x76105000 	C:\WINDOWS\system32\SHLWAPI.dll
0x745a0000 - 0x7468e000 	C:\WINDOWS\SYSTEM32\UxTheme.dll
0x77450000 - 0x775a5000 	C:\WINDOWS\system32\USER32.dll
0x77a50000 - 0x77b62000 	C:\WINDOWS\system32\GDI32.dll
0x6e090000 - 0x6e0b3000 	C:\WINDOWS\SYSTEM32\WINMM.dll
0x6f9b0000 - 0x6f9c3000 	C:\WINDOWS\SYSTEM32\samcli.dll
0x75960000 - 0x75a88000 	C:\WINDOWS\system32\ole32.dll
0x77960000 - 0x779f5000 	C:\WINDOWS\system32\OLEAUT32.dll
0x65ef0000 - 0x65f07000 	C:\WINDOWS\SYSTEM32\MSACM32.dll
0x73980000 - 0x73988000 	C:\WINDOWS\SYSTEM32\VERSION.dll
0x76110000 - 0x773bc000 	C:\WINDOWS\system32\SHELL32.dll
0x74d60000 - 0x74d7b000 	C:\WINDOWS\SYSTEM32\USERENV.dll
0x73aa0000 - 0x73aba000 	C:\WINDOWS\SYSTEM32\dwmapi.dll
0x6fda0000 - 0x6feeb000 	C:\WINDOWS\SYSTEM32\urlmon.dll
0x775b0000 - 0x7762c000 	C:\WINDOWS\system32\ADVAPI32.dll
0x6c3d0000 - 0x6c435000 	C:\WINDOWS\SYSTEM32\WINSPOOL.DRV
0x6f960000 - 0x6f976000 	C:\WINDOWS\SYSTEM32\MPR.dll
0x75d00000 - 0x75dd0000 	C:\WINDOWS\system32\RPCRT4.dll
0x75ab0000 - 0x75c2d000 	C:\WINDOWS\SYSTEM32\combase.dll
0x6e060000 - 0x6e083000 	C:\WINDOWS\SYSTEM32\WINMMBASE.dll
0x75560000 - 0x7556f000 	C:\WINDOWS\SYSTEM32\profapi.dll
0x71a60000 - 0x71c92000 	C:\WINDOWS\SYSTEM32\iertutil.dll
0x71d60000 - 0x71f35000 	C:\WINDOWS\SYSTEM32\WININET.dll
0x755e0000 - 0x7561c000 	C:\WINDOWS\SYSTEM32\cfgmgr32.dll
0x746d0000 - 0x746f1000 	C:\WINDOWS\SYSTEM32\DEVOBJ.dll
0x773c0000 - 0x7744b000 	C:\WINDOWS\system32\SHCORE.DLL
0x76090000 - 0x760b6000 	C:\WINDOWS\system32\IMM32.DLL
0x75e70000 - 0x75f82000 	C:\WINDOWS\system32\MSCTF.dll
0x72f40000 - 0x73146000 	C:\WINDOWS\WinSxS\x86_microsoft.windows.common-controls_6595b64144ccf1df_6.0.9600.17415_none_a9ed7f470139b3c1\COMCTL32.dll
0x557f0000 - 0x558af000 	C:\Program Files\Java\jre1.8.0_31\bin\msvcr100.dll
0x51d20000 - 0x520c4000 	C:\Program Files\Java\jre1.8.0_31\bin\client\jvm.dll
0x6a2c0000 - 0x6a2c8000 	C:\WINDOWS\SYSTEM32\WSOCK32.dll
0x77940000 - 0x77946000 	C:\WINDOWS\system32\PSAPI.DLL
0x77890000 - 0x778e0000 	C:\WINDOWS\system32\WS2_32.dll
0x77950000 - 0x77957000 	C:\WINDOWS\system32\NSI.dll
0x6cc20000 - 0x6cc2c000 	C:\Program Files\Java\jre1.8.0_31\bin\verify.dll
0x65d80000 - 0x65da1000 	C:\Program Files\Java\jre1.8.0_31\bin\java.dll
0x6cc00000 - 0x6cc13000 	C:\Program Files\Java\jre1.8.0_31\bin\zip.dll
0x6f0c0000 - 0x6f201000 	C:\WINDOWS\SYSTEM32\dbghelp.dll

VM Arguments:
jvm_args: -Dfile.encoding=GBK -Xbootclasspath:F:\Android\adt-bundle-windows-x86-20140702\sdk\platforms\android-21\android.jar 
java_command: com.dlut.traffic.util.UrlParse
java_class_path (initial): F:\Android\APP\TrafficInfomation\bin\classes;F:\Android\APP\TrafficInfomation\libs\androidasync-1.2.1.jar;F:\Android\APP\TrafficInfomation\libs\ion-1.2.1.jar;F:\Android\APP\TrafficInfomation\libs\mta-sdk-1.6.2.jar;F:\Android\APP\TrafficInfomation\libs\android-support-v4.jar;F:\Android\APP\TrafficInfomation\libs\AMap_Services_V2.3.1.jar;F:\Android\APP\TrafficInfomation\libs\Android_Location_V1.3.1.jar;F:\Android\APP\TrafficInfomation\libs\gson-2.2.4.jar;F:\Android\APP\TrafficInfomation\libs\open_sdk_r4547.jar;F:\Android\APP\TrafficInfomation\libs\AMap_3DMap_V2.4.0.jar;F:\Android\APP\library_pullToRefresh\bin\library_pulltorefresh.jar
Launcher Type: SUN_STANDARD

Environment Variables:
JAVA_HOME=D:\program files\Java\jdk1.8.0_25
CLASSPATH=.;D:\program files\Java\jdk1.8.0_25\lib;D:\program files\Java\jdk1.8.0_25\lib\tools.jar
PATH=C:/Program Files/Java/jre1.8.0_31/bin/client;C:/Program Files/Java/jre1.8.0_31/bin;C:/Program Files/Java/jre1.8.0_31/lib/i386;C:\ProgramData\Oracle\Java\javapath;C:\WINDOWS\system32;C:\WINDOWS;C:\WINDOWS\System32\Wbem;C:\WINDOWS\System32\WindowsPowerShell\v1.0\;C:\Program Files\ATI Technologies\ATI.ACE\Core-Static;D:\program files\Java\jdk1.8.0_25\bin;D:\program files\Java\jdk1.8.0_25\jre\bin;D:\Program Files\nodejs\;F:\Android\adt-bundle-windows-x86-20140702\sdk\tools;F:\Android\adt-bundle-windows-x86-20140702\sdk\platform-tools;D:\program files\apache-ant-1.9.4\bin;F:\Android\apache-maven-3.3.1\bin;D:\Program Files\Heroku\bin;C:\Program Files\git\cmd;C:\Users\chenchi_94\AppData\Roaming\npm;F:\Android\adt-bundle-windows-x86-20140702\eclipse;
USERNAME=chenchi_94
OS=Windows_NT
PROCESSOR_IDENTIFIER=x86 Family 6 Model 37 Stepping 5, GenuineIntel



---------------  S Y S T E M  ---------------

OS: Windows 8.1 Build 9600 

CPU:total 4 (2 cores per cpu, 2 threads per core) family 6 model 37 stepping 5, cmov, cx8, fxsr, mmx, sse, sse2, sse3, ssse3, sse4.1, sse4.2, popcnt, ht, tsc, tscinvbit

Memory: 4k page, physical 3651124k(1758580k free), swap 6428032k(3820628k free)

vm_info: Java HotSpot(TM) Client VM (25.31-b07) for windows-x86 JRE (1.8.0_31-b13), built on Dec 17 2014 20:46:12 by "java_re" with MS VC++ 10.0 (VS2010)

time: Sun Apr 19 18:13:28 2015
elapsed time: 0 seconds (0d 0h 0m 0s)

