#
# A fatal error has been detected by the Java Runtime Environment:
#
#  Internal Error (javaClasses.cpp:126), pid=3940, tid=9828
#  fatal error: Invalid layout of preloaded class
#
# JRE version:  (8.0_31-b13) (build )
# Java VM: Java HotSpot(TM) Client VM (25.31-b07 mixed mode windows-x86 )
# Failed to write core dump. Minidumps are not enabled by default on client versions of Windows
#
# If you would like to submit a bug report, please visit:
#   http://bugreport.java.com/bugreport/crash.jsp
#

---------------  T H R E A D  ---------------

Current thread (0x021ec000):  JavaThread "Unknown thread" [_thread_in_vm, id=9828, stack(0x00fa0000,0x00ff0000)]

Stack: [0x00fa0000,0x00ff0000],  sp=0x00fef9e4,  free space=318k
Native frames: (J=compiled Java code, j=interpreted, Vv=VM code, C=native code)
V  [jvm.dll+0x197b8b]
V  [jvm.dll+0x1909e6]
V  [jvm.dll+0x3b409]
V  [jvm.dll+0x3b5be]
V  [jvm.dll+0x49f63]
V  [jvm.dll+0x9dd9e]
V  [jvm.dll+0x9e062]
V  [jvm.dll+0x145c31]
V  [jvm.dll+0x169cb8]
V  [jvm.dll+0xdb171]
C  [javaw.exe+0x13e4]
C  [javaw.exe+0x1eb7]
C  [javaw.exe+0xaba1]
C  [javaw.exe+0xac2b]
C  [KERNEL32.DLL+0x4198]
C  [ntdll.dll+0x532b1]
C  [ntdll.dll+0x5327f]
C  0x00000000


---------------  P R O C E S S  ---------------

Java Threads: ( => current thread )

Other Threads:

=>0x021ec000 (exited) JavaThread "Unknown thread" [_thread_in_vm, id=9828, stack(0x00fa0000,0x00ff0000)]

VM state:not at safepoint (not fully initialized)

VM Mutex/Monitor currently owned by a thread: None

GC Heap History (0 events):
No events

Deoptimization events (0 events):
No events

Internal exceptions (0 events):
No events

Events (10 events):
Event: 0.078 loading class java/lang/CharSequence done
Event: 0.078 loading class java/lang/String done
Event: 0.078 loading class java/lang/Class
Event: 0.078 loading class java/lang/reflect/AnnotatedElement
Event: 0.079 loading class java/lang/reflect/AnnotatedElement done
Event: 0.079 loading class java/lang/reflect/GenericDeclaration
Event: 0.079 loading class java/lang/reflect/GenericDeclaration done
Event: 0.079 loading class java/lang/reflect/Type
Event: 0.079 loading class java/lang/reflect/Type done
Event: 0.079 loading class java/lang/Class done


Dynamic libraries:
0x002c0000 - 0x002f0000 	C:\Program Files\Java\jre1.8.0_31\bin\javaw.exe
0x77990000 - 0x77af9000 	C:\WINDOWS\SYSTEM32\ntdll.dll
0x765d0000 - 0x766d0000 	C:\WINDOWS\system32\KERNEL32.DLL
0x75400000 - 0x754d9000 	C:\WINDOWS\system32\KERNELBASE.dll
0x73f80000 - 0x74020000 	C:\WINDOWS\system32\apphelp.dll
0x78420000 - 0x78685000 	C:\WINDOWS\AppPatch\AcGenral.DLL
0x75ef0000 - 0x75fb3000 	C:\WINDOWS\system32\msvcrt.dll
0x764d0000 - 0x76511000 	C:\WINDOWS\SYSTEM32\sechost.dll
0x75020000 - 0x75044000 	C:\WINDOWS\SYSTEM32\SspiCli.dll
0x763d0000 - 0x76415000 	C:\WINDOWS\system32\SHLWAPI.dll
0x740a0000 - 0x7418e000 	C:\WINDOWS\SYSTEM32\UxTheme.dll
0x76270000 - 0x763c5000 	C:\WINDOWS\system32\USER32.dll
0x75c30000 - 0x75d42000 	C:\WINDOWS\system32\GDI32.dll
0x70350000 - 0x70373000 	C:\WINDOWS\SYSTEM32\WINMM.dll
0x6e3f0000 - 0x6e403000 	C:\WINDOWS\SYSTEM32\samcli.dll
0x76140000 - 0x76268000 	C:\WINDOWS\system32\ole32.dll
0x76420000 - 0x764b5000 	C:\WINDOWS\system32\OLEAUT32.dll
0x67950000 - 0x67967000 	C:\WINDOWS\SYSTEM32\MSACM32.dll
0x73940000 - 0x73948000 	C:\WINDOWS\SYSTEM32\VERSION.dll
0x766d0000 - 0x7797c000 	C:\WINDOWS\system32\SHELL32.dll
0x74710000 - 0x7472b000 	C:\WINDOWS\SYSTEM32\USERENV.dll
0x73920000 - 0x7393a000 	C:\WINDOWS\SYSTEM32\dwmapi.dll
0x6e530000 - 0x6e67b000 	C:\WINDOWS\SYSTEM32\urlmon.dll
0x75d50000 - 0x75dcc000 	C:\WINDOWS\system32\ADVAPI32.dll
0x70120000 - 0x70185000 	C:\WINDOWS\SYSTEM32\WINSPOOL.DRV
0x6ef90000 - 0x6efa6000 	C:\WINDOWS\SYSTEM32\MPR.dll
0x76070000 - 0x76140000 	C:\WINDOWS\system32\RPCRT4.dll
0x75ab0000 - 0x75c2d000 	C:\WINDOWS\SYSTEM32\combase.dll
0x70320000 - 0x70343000 	C:\WINDOWS\SYSTEM32\WINMMBASE.dll
0x751b0000 - 0x751bf000 	C:\WINDOWS\SYSTEM32\profapi.dll
0x715b0000 - 0x717e2000 	C:\WINDOWS\SYSTEM32\iertutil.dll
0x71d70000 - 0x71f45000 	C:\WINDOWS\SYSTEM32\WININET.dll
0x75230000 - 0x7526c000 	C:\WINDOWS\SYSTEM32\cfgmgr32.dll
0x741a0000 - 0x741c1000 	C:\WINDOWS\SYSTEM32\DEVOBJ.dll
0x757d0000 - 0x7585b000 	C:\WINDOWS\system32\SHCORE.DLL
0x76040000 - 0x76066000 	C:\WINDOWS\system32\IMM32.DLL
0x75dd0000 - 0x75ee2000 	C:\WINDOWS\system32\MSCTF.dll
0x73200000 - 0x73406000 	C:\WINDOWS\WinSxS\x86_microsoft.windows.common-controls_6595b64144ccf1df_6.0.9600.17415_none_a9ed7f470139b3c1\COMCTL32.dll
0x78910000 - 0x789cf000 	C:\Program Files\Java\jre1.8.0_31\bin\msvcr100.dll
0x6c680000 - 0x6ca24000 	C:\Program Files\Java\jre1.8.0_31\bin\client\jvm.dll
0x69e10000 - 0x69e18000 	C:\WINDOWS\SYSTEM32\WSOCK32.dll
0x764c0000 - 0x764c6000 	C:\WINDOWS\system32\PSAPI.DLL
0x76580000 - 0x765d0000 	C:\WINDOWS\system32\WS2_32.dll
0x75650000 - 0x75657000 	C:\WINDOWS\system32\NSI.dll
0x6b740000 - 0x6b74c000 	C:\Program Files\Java\jre1.8.0_31\bin\verify.dll
0x6b710000 - 0x6b731000 	C:\Program Files\Java\jre1.8.0_31\bin\java.dll
0x6b650000 - 0x6b663000 	C:\Program Files\Java\jre1.8.0_31\bin\zip.dll
0x6d800000 - 0x6d941000 	C:\WINDOWS\SYSTEM32\dbghelp.dll

VM Arguments:
jvm_args: -Dfile.encoding=GBK -Xbootclasspath:F:\Android\adt-bundle-windows-x86-20140702\sdk\platforms\android-21\android.jar 
java_command: com.dlut.traffic.test
java_class_path (initial): F:\Android\APP\TrafficInfomation\bin\classes;F:\Android\APP\TrafficInfomation\libs\mta-sdk-1.6.2.jar;F:\Android\APP\TrafficInfomation\libs\android-support-v4.jar;F:\Android\APP\TrafficInfomation\libs\AMap_Services_V2.3.1.jar;F:\Android\APP\TrafficInfomation\libs\androidasync-2.1.3.jar;F:\Android\APP\TrafficInfomation\libs\ion-2.1.3.jar;F:\Android\APP\TrafficInfomation\libs\Android_Location_V1.3.1.jar;F:\Android\APP\TrafficInfomation\libs\gson-2.2.4.jar;F:\Android\APP\TrafficInfomation\libs\open_sdk_r4547.jar;F:\Android\APP\TrafficInfomation\libs\AMap_3DMap_V2.4.0.jar;F:\Android\APP\library_pullToRefresh\bin\library_pulltorefresh.jar
Launcher Type: SUN_STANDARD

Environment Variables:
JAVA_HOME=D:\program files\Java\jdk1.8.0_25
CLASSPATH=.;D:\program files\Java\jdk1.8.0_25\lib;D:\program files\Java\jdk1.8.0_25\lib\tools.jar
PATH=C:/Program Files/Java/jre1.8.0_31/bin/client;C:/Program Files/Java/jre1.8.0_31/bin;C:/Program Files/Java/jre1.8.0_31/lib/i386;C:\ProgramData\Oracle\Java\javapath;C:\WINDOWS\system32;C:\WINDOWS;C:\WINDOWS\System32\Wbem;C:\WINDOWS\System32\WindowsPowerShell\v1.0\;C:\Program Files\ATI Technologies\ATI.ACE\Core-Static;D:\program files\Java\jdk1.8.0_25\bin;D:\program files\Java\jdk1.8.0_25\jre\bin;D:\Program Files\nodejs\;F:\Android\adt-bundle-windows-x86-20140702\sdk\tools;F:\Android\adt-bundle-windows-x86-20140702\sdk\platform-tools;D:\program files\apache-ant-1.9.4\bin;F:\Android\apache-maven-3.3.1\bin;D:\Program Files\Heroku\bin;C:\Program Files\git\cmd;C:\Users\chenchi_94\AppData\Roaming\npm;F:\Android\adt-bundle-windows-x86-20140702\eclipse;
USERNAME=chenchi_94
OS=Windows_NT
PROCESSOR_IDENTIFIER=x86 Family 6 Model 37 Stepping 5, GenuineIntel



---------------  S Y S T E M  ---------------

OS: Windows 8.1 Build 9600 

CPU:total 4 (2 cores per cpu, 2 threads per core) family 6 model 37 stepping 5, cmov, cx8, fxsr, mmx, sse, sse2, sse3, ssse3, sse4.1, sse4.2, popcnt, ht, tsc, tscinvbit

Memory: 4k page, physical 3651124k(1129720k free), swap 5420596k(1956708k free)

vm_info: Java HotSpot(TM) Client VM (25.31-b07) for windows-x86 JRE (1.8.0_31-b13), built on Dec 17 2014 20:46:12 by "java_re" with MS VC++ 10.0 (VS2010)

time: Sun May 17 18:12:40 2015
elapsed time: 0 seconds (0d 0h 0m 0s)

