0 info it worked if it ends with ok
1 verbose cli [ 'D:\\program files\\nodejs\\\\node.exe',
1 verbose cli   'D:\\program files\\nodejs\\node_modules\\npm\\bin\\npm-cli.js',
1 verbose cli   'start' ]
2 info using npm@1.4.28
3 info using node@v0.10.33
4 verbose node symlink D:\program files\nodejs\\node.exe
5 verbose run-script [ 'prestart', 'start', 'poststart' ]
6 info prestart con_mongo@0.0.0
7 info start con_mongo@0.0.0
8 verbose unsafe-perm in lifecycle true
9 info con_mongo@0.0.0 Failed to exec start script
10 error con_mongo@0.0.0 start: `node ./bin/www`
10 error Exit status 8
11 error Failed at the con_mongo@0.0.0 start script.
11 error This is most likely a problem with the con_mongo package,
11 error not with npm itself.
11 error Tell the author that this fails on your system:
11 error     node ./bin/www
11 error You can get their info via:
11 error     npm owner ls con_mongo
11 error There is likely additional logging output above.
12 error System Windows_NT 6.2.9200
13 error command "D:\\program files\\nodejs\\\\node.exe" "D:\\program files\\nodejs\\node_modules\\npm\\bin\\npm-cli.js" "start"
14 error cwd D:\program files\nodejs\program\con_mongo
15 error node -v v0.10.33
16 error npm -v 1.4.28
17 error code ELIFECYCLE
18 verbose exit [ 1, true ]
